Arguments: 
  /usr/local/bin/node /Users/amir/.yarn/bin/yarn.js add yarn commit -m init Project

PATH: 
  /Users/amir/.yarn/bin:/Users/amir/.config/yarn/global/node_modules/.bin:/usr/local/bin:/System/Cryptexes/App/usr/bin:/usr/bin:/bin:/usr/sbin:/sbin:/Users/amir/.yarn/bin:/Users/amir/.config/yarn/global/node_modules/.bin

Yarn version: 
  1.22.19

Node version: 
  19.6.0

Platform: 
  darwin arm64

Trace: 
  Error: https://registry.yarnpkg.com/Project: Not found
      at params.callback [as _callback] (/Users/amir/.yarn/lib/cli.js:66145:18)
      at self.callback (/Users/amir/.yarn/lib/cli.js:140890:22)
      at Request.emit (node:events:512:28)
      at Request.<anonymous> (/Users/amir/.yarn/lib/cli.js:141862:10)
      at Request.emit (node:events:512:28)
      at IncomingMessage.<anonymous> (/Users/amir/.yarn/lib/cli.js:141784:12)
      at Object.onceWrapper (node:events:626:28)
      at IncomingMessage.emit (node:events:524:35)
      at endReadableNT (node:internal/streams/readable:1359:12)
      at process.processTicksAndRejections (node:internal/process/task_queues:82:21)

npm manifest: 
  {
      "dependencies": {
          "lit": "^2.6.1"
      },
      "devDependencies": {
          "typescript": "^4.9.5"
      },
      "scripts": {
          "r": "tsc"
      },
      "name": "Lit-todo-List",
      "version": "1.0.0",
      "main": "index.js",
      "license": "MIT"
  }

yarn manifest: 
  No manifest

Lockfile: 
  # THIS IS AN AUTOGENERATED FILE. DO NOT EDIT THIS FILE DIRECTLY.
  # yarn lockfile v1
  
  
  "@lit-labs/ssr-dom-shim@^1.0.0":
    version "1.0.0"
    resolved "https://registry.yarnpkg.com/@lit-labs/ssr-dom-shim/-/ssr-dom-shim-1.0.0.tgz#427e19a2765681fd83411cd72c55ba80a01e0523"
    integrity sha512-ic93MBXfApIFTrup4a70M/+ddD8xdt2zxxj9sRwHQzhS9ag/syqkD8JPdTXsc1gUy2K8TTirhlCqyTEM/sifNw==
  
  "@lit/reactive-element@^1.3.0", "@lit/reactive-element@^1.6.0":
    version "1.6.1"
    resolved "https://registry.yarnpkg.com/@lit/reactive-element/-/reactive-element-1.6.1.tgz#0d958b6d479d0e3db5fc1132ecc4fa84be3f0b93"
    integrity sha512-va15kYZr7KZNNPZdxONGQzpUr+4sxVu7V/VG7a8mRfPPXUyhEYj5RzXCQmGrlP3tAh0L3HHm5AjBMFYRqlM9SA==
    dependencies:
      "@lit-labs/ssr-dom-shim" "^1.0.0"
  
  "@types/trusted-types@^2.0.2":
    version "2.0.2"
    resolved "https://registry.yarnpkg.com/@types/trusted-types/-/trusted-types-2.0.2.tgz#fc25ad9943bcac11cceb8168db4f275e0e72e756"
    integrity sha512-F5DIZ36YVLE+PN+Zwws4kJogq47hNgX3Nx6WyDJ3kcplxyke3XIzB8uK5n/Lpm1HBsbGzd6nmGehL8cPekP+Tg==
  
  lit-element@^3.2.0:
    version "3.2.2"
    resolved "https://registry.yarnpkg.com/lit-element/-/lit-element-3.2.2.tgz#d148ab6bf4c53a33f707a5168e087725499e5f2b"
    integrity sha512-6ZgxBR9KNroqKb6+htkyBwD90XGRiqKDHVrW/Eh0EZ+l+iC+u+v+w3/BA5NGi4nizAVHGYvQBHUDuSmLjPp7NQ==
    dependencies:
      "@lit/reactive-element" "^1.3.0"
      lit-html "^2.2.0"
  
  lit-html@^2.2.0, lit-html@^2.6.0:
    version "2.6.1"
    resolved "https://registry.yarnpkg.com/lit-html/-/lit-html-2.6.1.tgz#eb29f0b0c2ab54ea77379db11fc011b0c71f1cda"
    integrity sha512-Z3iw+E+3KKFn9t2YKNjsXNEu/LRLI98mtH/C6lnFg7kvaqPIzPn124Yd4eT/43lyqrejpc5Wb6BHq3fdv4S8Rw==
    dependencies:
      "@types/trusted-types" "^2.0.2"
  
  lit@^2.6.1:
    version "2.6.1"
    resolved "https://registry.yarnpkg.com/lit/-/lit-2.6.1.tgz#5951a2098b9bde5b328c73b55c15fdc0eefd96d7"
    integrity sha512-DT87LD64f8acR7uVp7kZfhLRrHkfC/N4BVzAtnw9Yg8087mbBJ//qedwdwX0kzDbxgPccWRW6mFwGbRQIxy0pw==
    dependencies:
      "@lit/reactive-element" "^1.6.0"
      lit-element "^3.2.0"
      lit-html "^2.6.0"
  
  typescript@^4.9.5:
    version "4.9.5"
    resolved "https://registry.yarnpkg.com/typescript/-/typescript-4.9.5.tgz#095979f9bcc0d09da324d58d03ce8f8374cbe65a"
    integrity sha512-1FXk9E2Hm+QzZQ7z+McJiHL4NW1F2EzMu9Nq9i3zAaGqibafqYwCVU6WyWAuyQRRzOlxou8xZSyXLEN8oKj24g==
